-------------------------------------------------------------------------------
Test set: TestSuite
-------------------------------------------------------------------------------
Tests run: 1, Failures: 1, Errors: 0, Skipped: 0, Time elapsed: 0.562 s <<< FAILURE! - in TestSuite
xtraSlider(packageNew.Slider)  Time elapsed: 0.034 s  <<< FAILURE!
java.lang.NoClassDefFoundError: org/openqa/selenium/remote/SessionNotFoundException
	at packageNew.Slider.xtraSlider(Slider.java:16)
Caused by: java.lang.ClassNotFoundException: org.openqa.selenium.remote.SessionNotFoundException
	at packageNew.Slider.xtraSlider(Slider.java:16)

